<?xml version="1.0" encoding="UTF-8"?>
<!-- Generated by org.testng.reporters.JUnitReportReporter -->
<testsuite hostname="Vardhmans-MacBook-Pro.local" name="testcases.app.GameDashBoardTest" tests="1" failures="0" timestamp="7 Feb 2019 18:39:40 GMT" time="1.257" errors="0">
  <testcase name="tapCashout" time="1.257" classname="testcases.app.GameDashBoardTest"/>
</testsuite> <!-- testcases.app.GameDashBoardTest -->
