<?xml version="1.0" encoding="UTF-8"?>
<!-- Generated by org.testng.reporters.JUnitReportReporter -->
<testsuite hostname="Vardhmans-MacBook-Pro.local" name="testcases.app.LoginTest" tests="2" failures="0" timestamp="7 Feb 2019 18:41:27 GMT" time="4.171" errors="0">
  <testcase name="signupWithGmail" time="3.987" classname="testcases.app.LoginTest"/>
  <testcase name="validateLoginButton" time="0.184" classname="testcases.app.LoginTest"/>
</testsuite> <!-- testcases.app.LoginTest -->
