<?xml version="1.0" encoding="UTF-8"?>
<!-- Generated by org.testng.reporters.JUnitReportReporter -->
<testsuite hostname="Vardhmans-MacBook-Pro.local" name="testcases.app.CashOutTest" tests="1" failures="0" timestamp="7 Feb 2019 18:39:40 GMT" time="0.575" errors="0">
  <testcase name="verifyCashOutScreenText" time="0.575" classname="testcases.app.CashOutTest"/>
</testsuite> <!-- testcases.app.CashOutTest -->
