<?xml version="1.0" encoding="UTF-8"?>
<!-- Generated by org.testng.reporters.JUnitReportReporter -->
<testsuite hostname="Vardhmans-MacBook-Pro.local" name="testcases.app.GameListingTest" tests="1" failures="0" timestamp="7 Feb 2019 18:39:40 GMT" time="1.766" errors="0">
  <testcase name="triviaClick" time="1.766" classname="testcases.app.GameListingTest"/>
</testsuite> <!-- testcases.app.GameListingTest -->
